<?xml version="1.0" encoding="UTF-8"?>
<!-- Generated by org.testng.reporters.JUnitReportReporter -->
<testsuite hostname="LAPTOP-8S1146N8" failures="0" tests="2" name="com.mystore.testcases.TC_MyAccountPageTest" time="2.384" errors="0" timestamp="2024-07-11T09:52:14 IST" skipped="1">
  <testcase classname="com.mystore.testcases.TC_MyAccountPageTest" name="verifyLogin" time="2.384"/>
  <system-out/>
  <testcase classname="com.mystore.testcases.TC_MyAccountPageTest" name="verifyRegistrationAndLogin">
    <skipped/>
  </testcase> <!-- verifyRegistrationAndLogin -->
  <system-out/>
</testsuite> <!-- com.mystore.testcases.TC_MyAccountPageTest -->
